C51 COMPILER V9.60.7.0   CLOCK                                                             02/03/2025 22:51:58 PAGE 1   


C51 COMPILER V9.60.7.0, COMPILATION OF MODULE CLOCK
OBJECT MODULE PLACED IN .\Objects\clock.obj
COMPILER INVOKED BY: C:\Keil_v5\C51\BIN\C51.EXE clock.c OPTIMIZE(8,SPEED) BROWSE DEBUG OBJECTEXTEND PRINT(.\Listings\clo
                    -ck.lst) TABS(2) OBJECT(.\Objects\clock.obj)

line level    source

   1          #include <reg51.h>
   2          
   3          // Define ports
   4          #define SEGMENT P1  // Segment Data
   5          #define DIGIT   P3  // Digit Selection via Decoder
   6          
   7          // Define digit selection bits
   8          sbit D0 = P3^3;
   9          sbit D1 = P3^4;
  10          
  11          // Digit patterns for Common Cathode Seven-Segment Display (0-9)
  12          unsigned char numbers[10] = { 0xC0,0xF9,0xA4,0xB0,0x99,0x92,0x82,0xF8,0x80,0x90};
  13          
  14          // Function to introduce a short delay (for multiplexing)
  15          void delay_ms(unsigned int ms) {
  16   1          unsigned int i, j;
  17   1          for (i = 0; i < ms; i++)
  18   1              for (j = 0; j < 1275; j++);  // Approx 1ms delay
  19   1      }
  20          
  21          // Function to display a digit at a specific position
  22          void display_digit(unsigned char digit, unsigned char position) {
  23   1          // Load segment data
  24   1          SEGMENT = numbers[digit];
  25   1      
  26   1          // Enable only the desired digit
  27   1          if (position == 0) D0=D1=0;
  28   1          else if (position == 1) D0=1,D1=0;
  29   1          else if (position == 2) D0=0,D1=1;
  30   1          else if (position == 3) D0=1,D1=1;
  31   1      
  32   1          // Hold the digit on for a short period
  33   1          delay_ms(5);
  34   1      }
  35          
  36          // Function to display the time on the 4-digit 7-segment display
  37          void display_time(unsigned char minutes, unsigned char seconds) {
  38   1          // Display tens of minutes and ones of minutes
  39   1          display_digit(minutes / 10, 3); // Tens of minutes
  40   1          display_digit(minutes % 10, 2); // Ones of minutes
  41   1      
  42   1          // Display tens of seconds and ones of seconds
  43   1          display_digit(seconds / 10, 1); // Tens of seconds
  44   1          display_digit(seconds % 10, 0); // Ones of seconds
  45   1      }
  46          
  47          void main() {
  48   1          unsigned char minutes = 0;  // Initial minutes value
  49   1          unsigned char seconds = 0;  // Initial seconds value
  50   1      
  51   1          while (1) {
  52   2              display_time(minutes, seconds);  // Display current time
  53   2              // Increment seconds
  54   2              seconds++;
C51 COMPILER V9.60.7.0   CLOCK                                                             02/03/2025 22:51:58 PAGE 2   

  55   2              if (seconds == 60) {
  56   3                  seconds = 0;
  57   3                  minutes++;
  58   3                  if (minutes == 60) {
  59   4                      minutes = 0; // Reset minutes after 60
  60   4                  }
  61   3              }
  62   2      
  63   2              delay_ms(100);  // 1-second delay (simulate stopwatch tick)
  64   2          }
  65   1        }


MODULE INFORMATION:   STATIC OVERLAYABLE
   CODE SIZE        =    173    ----
   CONSTANT SIZE    =   ----    ----
   XDATA SIZE       =   ----    ----
   PDATA SIZE       =   ----    ----
   DATA SIZE        =     10       3
   IDATA SIZE       =   ----    ----
   BIT SIZE         =   ----    ----
END OF MODULE INFORMATION.


C51 COMPILATION COMPLETE.  0 WARNING(S),  0 ERROR(S)
